{INFO}   com.bank.dao.dbutil.PostgresqlConnection     Attempting to connect to Postgres DB......    12-Jan-2021 Tuesday CST 16:36:18
{INFO}   com.bank.dao.dbutil.PostgresqlConnection     Successfully connected to DB! :)     12-Jan-2021 Tuesday CST 16:36:18
{WARN}   com.bank.main.BankServicesMain     Balance cannot be negative, enter positive value!    12-Jan-2021 Tuesday CST 16:44:05
{INFO}   com.bank.dao.dbutil.PostgresqlConnection     Attempting to connect to Postgres DB......    12-Jan-2021 Tuesday CST 16:44:20
{INFO}   com.bank.dao.dbutil.PostgresqlConnection     Successfully connected to DB! :)     12-Jan-2021 Tuesday CST 16:44:20
{INFO}   com.bank.dao.dbutil.PostgresqlConnection     Attempting to connect to Postgres DB......    12-Jan-2021 Tuesday CST 18:35:02
{INFO}   com.bank.dao.dbutil.PostgresqlConnection     Successfully connected to DB! :)     12-Jan-2021 Tuesday CST 18:35:03
{INFO}   com.bank.dao.dbutil.PostgresqlConnection     Attempting to connect to Postgres DB......    12-Jan-2021 Tuesday CST 18:35:29
{INFO}   com.bank.dao.dbutil.PostgresqlConnection     Successfully connected to DB! :)     12-Jan-2021 Tuesday CST 18:35:30
{WARN}   com.bank.main.BankServicesMain     Your account does not have enough balance to withdraw!    12-Jan-2021 Tuesday CST 18:35:30
{INFO}   com.bank.dao.dbutil.PostgresqlConnection     Attempting to connect to Postgres DB......    12-Jan-2021 Tuesday CST 18:42:15
{INFO}   com.bank.dao.dbutil.PostgresqlConnection     Successfully connected to DB! :)     12-Jan-2021 Tuesday CST 18:42:16
{INFO}   com.bank.dao.dbutil.PostgresqlConnection     Attempting to connect to Postgres DB......    12-Jan-2021 Tuesday CST 18:44:51
{INFO}   com.bank.dao.dbutil.PostgresqlConnection     Successfully connected to DB! :)     12-Jan-2021 Tuesday CST 18:44:52
{INFO}   com.bank.dao.dbutil.PostgresqlConnection     Attempting to connect to Postgres DB......    12-Jan-2021 Tuesday CST 18:49:23
{INFO}   com.bank.dao.dbutil.PostgresqlConnection     Successfully connected to DB! :)     12-Jan-2021 Tuesday CST 18:49:24
{INFO}   com.bank.dao.dbutil.PostgresqlConnection     Attempting to connect to Postgres DB......    12-Jan-2021 Tuesday CST 18:50:00
{INFO}   com.bank.dao.dbutil.PostgresqlConnection     Successfully connected to DB! :)     12-Jan-2021 Tuesday CST 18:50:00
{WARN}   com.bank.main.BankServicesMain     Wrong username or password!    12-Jan-2021 Tuesday CST 18:50:00
{INFO}   com.bank.dao.dbutil.PostgresqlConnection     Attempting to connect to Postgres DB......    12-Jan-2021 Tuesday CST 18:54:57
{INFO}   com.bank.dao.dbutil.PostgresqlConnection     Successfully connected to DB! :)     12-Jan-2021 Tuesday CST 18:54:58
{INFO}   com.bank.dao.dbutil.PostgresqlConnection     Attempting to connect to Postgres DB......    12-Jan-2021 Tuesday CST 18:57:01
{INFO}   com.bank.dao.dbutil.PostgresqlConnection     Successfully connected to DB! :)     12-Jan-2021 Tuesday CST 18:57:01
{WARN}   com.bank.main.BankServicesMain     Wrong username or password!    12-Jan-2021 Tuesday CST 18:57:01
{INFO}   com.bank.dao.dbutil.PostgresqlConnection     Attempting to connect to Postgres DB......    12-Jan-2021 Tuesday CST 19:05:25
{INFO}   com.bank.dao.dbutil.PostgresqlConnection     Successfully connected to DB! :)     12-Jan-2021 Tuesday CST 19:05:26
{INFO}   com.bank.dao.dbutil.PostgresqlConnection     Attempting to connect to Postgres DB......    12-Jan-2021 Tuesday CST 19:31:33
{INFO}   com.bank.dao.dbutil.PostgresqlConnection     Successfully connected to DB! :)     12-Jan-2021 Tuesday CST 19:31:34
{INFO}   com.bank.dao.dbutil.PostgresqlConnection     Attempting to connect to Postgres DB......    12-Jan-2021 Tuesday CST 19:34:18
{INFO}   com.bank.dao.dbutil.PostgresqlConnection     Successfully connected to DB! :)     12-Jan-2021 Tuesday CST 19:34:19
{INFO}   com.bank.dao.dbutil.PostgresqlConnection     Attempting to connect to Postgres DB......    12-Jan-2021 Tuesday CST 19:39:53
{INFO}   com.bank.dao.dbutil.PostgresqlConnection     Successfully connected to DB! :)     12-Jan-2021 Tuesday CST 19:39:54
{WARN}   com.bank.main.BankServicesMain     Your account does not have enough balance to withdraw!    12-Jan-2021 Tuesday CST 19:40:07
{INFO}   com.bank.dao.dbutil.PostgresqlConnection     Attempting to connect to Postgres DB......    12-Jan-2021 Tuesday CST 19:40:42
{INFO}   com.bank.dao.dbutil.PostgresqlConnection     Successfully connected to DB! :)     12-Jan-2021 Tuesday CST 19:40:43
{WARN}   com.bank.main.BankServicesMain     Your account does not have enough balance to withdraw!    12-Jan-2021 Tuesday CST 19:40:46
{INFO}   com.bank.dao.dbutil.PostgresqlConnection     Attempting to connect to Postgres DB......    12-Jan-2021 Tuesday CST 19:42:21
{INFO}   com.bank.dao.dbutil.PostgresqlConnection     Successfully connected to DB! :)     12-Jan-2021 Tuesday CST 19:42:21
{WARN}   com.bank.main.BankServicesMain     Your account does not have enough balance to withdraw!    12-Jan-2021 Tuesday CST 19:42:26
{INFO}   com.bank.dao.dbutil.PostgresqlConnection     Attempting to connect to Postgres DB......    12-Jan-2021 Tuesday CST 19:43:44
{INFO}   com.bank.dao.dbutil.PostgresqlConnection     Successfully connected to DB! :)     12-Jan-2021 Tuesday CST 19:43:45
{INFO}   com.bank.main.BankServicesMain     Customer id: 16    12-Jan-2021 Tuesday CST 19:43:50
{INFO}   com.bank.main.BankServicesMain     Status: t    12-Jan-2021 Tuesday CST 19:43:50
{INFO}   com.bank.dao.dbutil.PostgresqlConnection     Attempting to connect to Postgres DB......    12-Jan-2021 Tuesday CST 19:43:50
{INFO}   com.bank.dao.dbutil.PostgresqlConnection     Successfully connected to DB! :)     12-Jan-2021 Tuesday CST 19:43:50
{INFO}   com.bank.dao.dbutil.PostgresqlConnection     Attempting to connect to Postgres DB......    12-Jan-2021 Tuesday CST 19:47:06
{INFO}   com.bank.dao.dbutil.PostgresqlConnection     Successfully connected to DB! :)     12-Jan-2021 Tuesday CST 19:47:06
{INFO}   com.bank.main.BankServicesMain     Customer id: 16    12-Jan-2021 Tuesday CST 19:47:11
{INFO}   com.bank.main.BankServicesMain     Status: t    12-Jan-2021 Tuesday CST 19:47:11
{INFO}   com.bank.dao.dbutil.PostgresqlConnection     Attempting to connect to Postgres DB......    12-Jan-2021 Tuesday CST 19:47:11
{INFO}   com.bank.dao.dbutil.PostgresqlConnection     Successfully connected to DB! :)     12-Jan-2021 Tuesday CST 19:47:11
{INFO}   com.bank.dao.dbutil.PostgresqlConnection     Attempting to connect to Postgres DB......    12-Jan-2021 Tuesday CST 19:50:42
{INFO}   com.bank.dao.dbutil.PostgresqlConnection     Successfully connected to DB! :)     12-Jan-2021 Tuesday CST 19:50:42
{INFO}   com.bank.main.BankServicesMain     Customer id: 16    12-Jan-2021 Tuesday CST 19:50:56
{INFO}   com.bank.main.BankServicesMain     Status: t    12-Jan-2021 Tuesday CST 19:50:56
{INFO}   com.bank.dao.dbutil.PostgresqlConnection     Attempting to connect to Postgres DB......    12-Jan-2021 Tuesday CST 19:50:56
{INFO}   com.bank.dao.dbutil.PostgresqlConnection     Successfully connected to DB! :)     12-Jan-2021 Tuesday CST 19:50:56
{INFO}   com.bank.dao.dbutil.PostgresqlConnection     Attempting to connect to Postgres DB......    12-Jan-2021 Tuesday CST 19:52:07
{INFO}   com.bank.dao.dbutil.PostgresqlConnection     Successfully connected to DB! :)     12-Jan-2021 Tuesday CST 19:52:07
{INFO}   com.bank.main.BankServicesMain     Customer id: 16    12-Jan-2021 Tuesday CST 19:52:14
{INFO}   com.bank.main.BankServicesMain     Status: t    12-Jan-2021 Tuesday CST 19:52:14
{INFO}   com.bank.dao.dbutil.PostgresqlConnection     Attempting to connect to Postgres DB......    12-Jan-2021 Tuesday CST 19:52:14
{INFO}   com.bank.dao.dbutil.PostgresqlConnection     Successfully connected to DB! :)     12-Jan-2021 Tuesday CST 19:52:14
{INFO}   com.bank.dao.dbutil.PostgresqlConnection     Attempting to connect to Postgres DB......    12-Jan-2021 Tuesday CST 19:52:33
{INFO}   com.bank.dao.dbutil.PostgresqlConnection     Successfully connected to DB! :)     12-Jan-2021 Tuesday CST 19:52:33
{INFO}   com.bank.dao.dbutil.PostgresqlConnection     Attempting to connect to Postgres DB......    12-Jan-2021 Tuesday CST 19:56:17
{INFO}   com.bank.dao.dbutil.PostgresqlConnection     Successfully connected to DB! :)     12-Jan-2021 Tuesday CST 19:56:17
{INFO}   com.bank.main.BankServicesMain     Customer id: 16    12-Jan-2021 Tuesday CST 19:56:29
{INFO}   com.bank.main.BankServicesMain     Status: t    12-Jan-2021 Tuesday CST 19:56:29
{INFO}   com.bank.dao.dbutil.PostgresqlConnection     Attempting to connect to Postgres DB......    12-Jan-2021 Tuesday CST 19:56:29
{INFO}   com.bank.dao.dbutil.PostgresqlConnection     Successfully connected to DB! :)     12-Jan-2021 Tuesday CST 19:56:29
{INFO}   com.bank.dao.dbutil.PostgresqlConnection     Attempting to connect to Postgres DB......    12-Jan-2021 Tuesday CST 19:56:32
{INFO}   com.bank.dao.dbutil.PostgresqlConnection     Successfully connected to DB! :)     12-Jan-2021 Tuesday CST 19:56:32
{INFO}   com.bank.dao.dbutil.PostgresqlConnection     Attempting to connect to Postgres DB......    12-Jan-2021 Tuesday CST 19:59:43
{INFO}   com.bank.dao.dbutil.PostgresqlConnection     Successfully connected to DB! :)     12-Jan-2021 Tuesday CST 19:59:43
{INFO}   com.bank.main.BankServicesMain     Customer id: 16    12-Jan-2021 Tuesday CST 19:59:53
{INFO}   com.bank.main.BankServicesMain     Status: t    12-Jan-2021 Tuesday CST 19:59:53
{INFO}   com.bank.dao.dbutil.PostgresqlConnection     Attempting to connect to Postgres DB......    12-Jan-2021 Tuesday CST 19:59:53
{INFO}   com.bank.dao.dbutil.PostgresqlConnection     Successfully connected to DB! :)     12-Jan-2021 Tuesday CST 19:59:53
{INFO}   com.bank.dao.dbutil.PostgresqlConnection     Attempting to connect to Postgres DB......    12-Jan-2021 Tuesday CST 19:59:56
{INFO}   com.bank.dao.dbutil.PostgresqlConnection     Successfully connected to DB! :)     12-Jan-2021 Tuesday CST 19:59:56
{INFO}   com.bank.dao.dbutil.PostgresqlConnection     Attempting to connect to Postgres DB......    12-Jan-2021 Tuesday CST 20:02:23
{INFO}   com.bank.dao.dbutil.PostgresqlConnection     Successfully connected to DB! :)     12-Jan-2021 Tuesday CST 20:02:24
{INFO}   com.bank.main.BankServicesMain     Customer id: 16    12-Jan-2021 Tuesday CST 20:02:28
{INFO}   com.bank.main.BankServicesMain     Status: t    12-Jan-2021 Tuesday CST 20:02:28
{INFO}   com.bank.dao.dbutil.PostgresqlConnection     Attempting to connect to Postgres DB......    12-Jan-2021 Tuesday CST 20:02:28
{INFO}   com.bank.dao.dbutil.PostgresqlConnection     Successfully connected to DB! :)     12-Jan-2021 Tuesday CST 20:02:29
{INFO}   com.bank.dao.dbutil.PostgresqlConnection     Attempting to connect to Postgres DB......    12-Jan-2021 Tuesday CST 20:02:30
{INFO}   com.bank.dao.dbutil.PostgresqlConnection     Successfully connected to DB! :)     12-Jan-2021 Tuesday CST 20:02:30
{INFO}   com.bank.main.BankServicesMain     Your balance is: 250.0    12-Jan-2021 Tuesday CST 20:02:30
{INFO}   com.bank.dao.dbutil.PostgresqlConnection     Attempting to connect to Postgres DB......    12-Jan-2021 Tuesday CST 20:02:48
{INFO}   com.bank.dao.dbutil.PostgresqlConnection     Successfully connected to DB! :)     12-Jan-2021 Tuesday CST 20:02:48
{INFO}   com.bank.main.BankServicesMain     Your balance is: 250.0    12-Jan-2021 Tuesday CST 20:02:48
{INFO}   com.bank.dao.dbutil.PostgresqlConnection     Attempting to connect to Postgres DB......    12-Jan-2021 Tuesday CST 20:02:55
{INFO}   com.bank.dao.dbutil.PostgresqlConnection     Successfully connected to DB! :)     12-Jan-2021 Tuesday CST 20:02:55
{INFO}   com.bank.dao.dbutil.PostgresqlConnection     Attempting to connect to Postgres DB......    12-Jan-2021 Tuesday CST 20:02:58
{INFO}   com.bank.dao.dbutil.PostgresqlConnection     Successfully connected to DB! :)     12-Jan-2021 Tuesday CST 20:02:58
{INFO}   com.bank.main.BankServicesMain     Your balance is: 1300.0    12-Jan-2021 Tuesday CST 20:02:58
{INFO}   com.bank.dao.dbutil.PostgresqlConnection     Attempting to connect to Postgres DB......    12-Jan-2021 Tuesday CST 20:04:08
{INFO}   com.bank.dao.dbutil.PostgresqlConnection     Successfully connected to DB! :)     12-Jan-2021 Tuesday CST 20:04:09
{INFO}   com.bank.dao.dbutil.PostgresqlConnection     Attempting to connect to Postgres DB......    12-Jan-2021 Tuesday CST 20:23:18
{INFO}   com.bank.dao.dbutil.PostgresqlConnection     Successfully connected to DB! :)     12-Jan-2021 Tuesday CST 20:23:19
{INFO}   com.bank.main.BankServicesMain     Approve Customer Bank Account Application....    12-Jan-2021 Tuesday CST 20:23:24
{INFO}   com.bank.dao.dbutil.PostgresqlConnection     Attempting to connect to Postgres DB......    12-Jan-2021 Tuesday CST 20:23:27
{INFO}   com.bank.dao.dbutil.PostgresqlConnection     Successfully connected to DB! :)     12-Jan-2021 Tuesday CST 20:23:27
{INFO}   com.bank.dao.dbutil.PostgresqlConnection     Attempting to connect to Postgres DB......    12-Jan-2021 Tuesday CST 20:23:27
{INFO}   com.bank.dao.dbutil.PostgresqlConnection     Successfully connected to DB! :)     12-Jan-2021 Tuesday CST 20:23:27
{INFO}   com.bank.dao.dbutil.PostgresqlConnection     Attempting to connect to Postgres DB......    12-Jan-2021 Tuesday CST 20:23:47
{INFO}   com.bank.dao.dbutil.PostgresqlConnection     Successfully connected to DB! :)     12-Jan-2021 Tuesday CST 20:23:47
{INFO}   com.bank.dao.dbutil.PostgresqlConnection     Attempting to connect to Postgres DB......    12-Jan-2021 Tuesday CST 20:27:56
{INFO}   com.bank.dao.dbutil.PostgresqlConnection     Successfully connected to DB! :)     12-Jan-2021 Tuesday CST 20:27:56
{INFO}   com.bank.main.BankServicesMain     Approve Customer Bank Account Application....    12-Jan-2021 Tuesday CST 20:27:59
{INFO}   com.bank.dao.dbutil.PostgresqlConnection     Attempting to connect to Postgres DB......    12-Jan-2021 Tuesday CST 20:28:02
{INFO}   com.bank.dao.dbutil.PostgresqlConnection     Successfully connected to DB! :)     12-Jan-2021 Tuesday CST 20:28:02
{INFO}   com.bank.dao.dbutil.PostgresqlConnection     Attempting to connect to Postgres DB......    12-Jan-2021 Tuesday CST 20:28:02
{INFO}   com.bank.dao.dbutil.PostgresqlConnection     Successfully connected to DB! :)     12-Jan-2021 Tuesday CST 20:28:02
{INFO}   com.bank.dao.dbutil.PostgresqlConnection     Attempting to connect to Postgres DB......    12-Jan-2021 Tuesday CST 20:33:12
{INFO}   com.bank.dao.dbutil.PostgresqlConnection     Successfully connected to DB! :)     12-Jan-2021 Tuesday CST 20:33:13
{INFO}   com.bank.main.BankServicesMain     View Accounts....    12-Jan-2021 Tuesday CST 20:33:17
{INFO}   com.bank.dao.dbutil.PostgresqlConnection     Attempting to connect to Postgres DB......    12-Jan-2021 Tuesday CST 20:33:21
{INFO}   com.bank.dao.dbutil.PostgresqlConnection     Successfully connected to DB! :)     12-Jan-2021 Tuesday CST 20:33:21
{INFO}   com.bank.main.BankServicesMain     View Accounts....    12-Jan-2021 Tuesday CST 20:34:01
{INFO}   com.bank.dao.dbutil.PostgresqlConnection     Attempting to connect to Postgres DB......    12-Jan-2021 Tuesday CST 20:34:09
{INFO}   com.bank.dao.dbutil.PostgresqlConnection     Successfully connected to DB! :)     12-Jan-2021 Tuesday CST 20:34:09
{INFO}   com.bank.dao.dbutil.PostgresqlConnection     Attempting to connect to Postgres DB......    12-Jan-2021 Tuesday CST 20:34:58
{INFO}   com.bank.dao.dbutil.PostgresqlConnection     Successfully connected to DB! :)     12-Jan-2021 Tuesday CST 20:34:58
{INFO}   com.bank.main.BankServicesMain     View Accounts....    12-Jan-2021 Tuesday CST 20:35:01
{INFO}   com.bank.dao.dbutil.PostgresqlConnection     Attempting to connect to Postgres DB......    12-Jan-2021 Tuesday CST 20:35:03
{INFO}   com.bank.dao.dbutil.PostgresqlConnection     Successfully connected to DB! :)     12-Jan-2021 Tuesday CST 20:35:03
{INFO}   com.bank.main.BankServicesMain     Y    12-Jan-2021 Tuesday CST 20:35:05
{INFO}   com.bank.dao.dbutil.PostgresqlConnection     Attempting to connect to Postgres DB......    12-Jan-2021 Tuesday CST 20:36:03
{INFO}   com.bank.dao.dbutil.PostgresqlConnection     Successfully connected to DB! :)     12-Jan-2021 Tuesday CST 20:36:03
{INFO}   com.bank.main.BankServicesMain     View Accounts....    12-Jan-2021 Tuesday CST 20:36:05
{INFO}   com.bank.dao.dbutil.PostgresqlConnection     Attempting to connect to Postgres DB......    12-Jan-2021 Tuesday CST 20:36:07
{INFO}   com.bank.dao.dbutil.PostgresqlConnection     Successfully connected to DB! :)     12-Jan-2021 Tuesday CST 20:36:07
{INFO}   com.bank.main.BankServicesMain     Y    12-Jan-2021 Tuesday CST 20:36:09
{INFO}   com.bank.dao.dbutil.PostgresqlConnection     Attempting to connect to Postgres DB......    12-Jan-2021 Tuesday CST 20:40:02
{INFO}   com.bank.dao.dbutil.PostgresqlConnection     Successfully connected to DB! :)     12-Jan-2021 Tuesday CST 20:40:03
{INFO}   com.bank.main.BankServicesMain     View Accounts....    12-Jan-2021 Tuesday CST 20:40:05
{INFO}   com.bank.dao.dbutil.PostgresqlConnection     Attempting to connect to Postgres DB......    12-Jan-2021 Tuesday CST 20:40:07
{INFO}   com.bank.dao.dbutil.PostgresqlConnection     Successfully connected to DB! :)     12-Jan-2021 Tuesday CST 20:40:07
{INFO}   com.bank.main.BankServicesMain     Y    12-Jan-2021 Tuesday CST 20:40:08
{INFO}   com.bank.dao.dbutil.PostgresqlConnection     Attempting to connect to Postgres DB......    12-Jan-2021 Tuesday CST 20:40:11
{INFO}   com.bank.dao.dbutil.PostgresqlConnection     Successfully connected to DB! :)     12-Jan-2021 Tuesday CST 20:40:11
{INFO}   com.bank.main.BankServicesMain     n    12-Jan-2021 Tuesday CST 20:40:13
{INFO}   com.bank.dao.dbutil.PostgresqlConnection     Attempting to connect to Postgres DB......    12-Jan-2021 Tuesday CST 21:05:02
{INFO}   com.bank.dao.dbutil.PostgresqlConnection     Successfully connected to DB! :)     12-Jan-2021 Tuesday CST 21:05:03
{INFO}   com.bank.main.BankServicesMain     View Transaction History....    12-Jan-2021 Tuesday CST 21:05:08
{INFO}   com.bank.dao.dbutil.PostgresqlConnection     Attempting to connect to Postgres DB......    12-Jan-2021 Tuesday CST 21:05:08
{INFO}   com.bank.dao.dbutil.PostgresqlConnection     Successfully connected to DB! :)     12-Jan-2021 Tuesday CST 21:05:08
{INFO}   com.bank.dao.dbutil.PostgresqlConnection     Attempting to connect to Postgres DB......    12-Jan-2021 Tuesday CST 21:06:36
{INFO}   com.bank.dao.dbutil.PostgresqlConnection     Successfully connected to DB! :)     12-Jan-2021 Tuesday CST 21:06:36
{INFO}   com.bank.main.BankServicesMain     View Transaction History....    12-Jan-2021 Tuesday CST 21:06:48
{INFO}   com.bank.dao.dbutil.PostgresqlConnection     Attempting to connect to Postgres DB......    12-Jan-2021 Tuesday CST 21:06:48
{INFO}   com.bank.dao.dbutil.PostgresqlConnection     Successfully connected to DB! :)     12-Jan-2021 Tuesday CST 21:06:48
{INFO}   com.bank.main.BankServicesMain     Transaction [ID = 1, Amount = 300.0, From Account: 12 to Account: 12 at: 2020-02-02 ]    12-Jan-2021 Tuesday CST 21:06:48
{INFO}   com.bank.main.BankServicesMain     Transaction [ID = 2, Amount = 400.0, From Account: 13 to Account: 13 at: 2021-01-11 ]    12-Jan-2021 Tuesday CST 21:06:48
{INFO}   com.bank.main.BankServicesMain     Transaction [ID = 4, Amount = 100.0, From Account: 15 to Account: 15 at: 2021-01-12 ]    12-Jan-2021 Tuesday CST 21:06:48
{INFO}   com.bank.main.BankServicesMain     Transaction [ID = 5, Amount = 30.0, From Account: 16 to Account: 16 at: 2021-01-12 ]    12-Jan-2021 Tuesday CST 21:06:48
{INFO}   com.bank.main.BankServicesMain     Transaction [ID = 6, Amount = 100.0, From Account: 17 to Account: 17 at: 2021-01-12 ]    12-Jan-2021 Tuesday CST 21:06:48
{INFO}   com.bank.dao.dbutil.PostgresqlConnection     Attempting to connect to Postgres DB......    12-Jan-2021 Tuesday CST 21:42:37
{INFO}   com.bank.dao.dbutil.PostgresqlConnection     Successfully connected to DB! :)     12-Jan-2021 Tuesday CST 21:42:37
{INFO}   com.bank.dao.dbutil.PostgresqlConnection     Attempting to connect to Postgres DB......    12-Jan-2021 Tuesday CST 21:44:17
{INFO}   com.bank.dao.dbutil.PostgresqlConnection     Successfully connected to DB! :)     12-Jan-2021 Tuesday CST 21:44:17
{INFO}   com.bank.dao.dbutil.PostgresqlConnection     Attempting to connect to Postgres DB......    12-Jan-2021 Tuesday CST 21:44:20
{INFO}   com.bank.dao.dbutil.PostgresqlConnection     Successfully connected to DB! :)     12-Jan-2021 Tuesday CST 21:44:20
{INFO}   com.bank.dao.dbutil.PostgresqlConnection     Attempting to connect to Postgres DB......    12-Jan-2021 Tuesday CST 21:44:29
{INFO}   com.bank.dao.dbutil.PostgresqlConnection     Successfully connected to DB! :)     12-Jan-2021 Tuesday CST 21:44:29
{INFO}   com.bank.dao.dbutil.PostgresqlConnection     Attempting to connect to Postgres DB......    12-Jan-2021 Tuesday CST 21:45:00
{INFO}   com.bank.dao.dbutil.PostgresqlConnection     Successfully connected to DB! :)     12-Jan-2021 Tuesday CST 21:45:00
{INFO}   com.bank.dao.dbutil.PostgresqlConnection     Attempting to connect to Postgres DB......    12-Jan-2021 Tuesday CST 21:45:02
{INFO}   com.bank.dao.dbutil.PostgresqlConnection     Successfully connected to DB! :)     12-Jan-2021 Tuesday CST 21:45:02
{INFO}   com.bank.dao.dbutil.PostgresqlConnection     Attempting to connect to Postgres DB......    12-Jan-2021 Tuesday CST 21:46:34
{INFO}   com.bank.dao.dbutil.PostgresqlConnection     Successfully connected to DB! :)     12-Jan-2021 Tuesday CST 21:46:35
{INFO}   com.bank.dao.dbutil.PostgresqlConnection     Attempting to connect to Postgres DB......    12-Jan-2021 Tuesday CST 21:46:37
{INFO}   com.bank.dao.dbutil.PostgresqlConnection     Successfully connected to DB! :)     12-Jan-2021 Tuesday CST 21:46:37
{INFO}   com.bank.main.BankServicesMain     Transaction [ID = 1, Amount = 300.0, From Account: 13 to Account: 12 at: 2020-02-02 ]    12-Jan-2021 Tuesday CST 21:46:37
{INFO}   com.bank.dao.dbutil.PostgresqlConnection     Attempting to connect to Postgres DB......    12-Jan-2021 Tuesday CST 21:48:09
{INFO}   com.bank.dao.dbutil.PostgresqlConnection     Successfully connected to DB! :)     12-Jan-2021 Tuesday CST 21:48:09
{INFO}   com.bank.main.BankServicesMain     Transaction [ID = 1, Amount = 300.0, From Account: 13 to Account: 12 at: 2020-02-02 ]    12-Jan-2021 Tuesday CST 21:48:09
{INFO}   com.bank.dao.dbutil.PostgresqlConnection     Attempting to connect to Postgres DB......    12-Jan-2021 Tuesday CST 21:48:16
{INFO}   com.bank.dao.dbutil.PostgresqlConnection     Successfully connected to DB! :)     12-Jan-2021 Tuesday CST 21:48:16
{INFO}   com.bank.main.BankServicesMain     Transaction [ID = 1, Amount = 300.0, From Account: 13 to Account: 12 at: 2020-02-02 ]    12-Jan-2021 Tuesday CST 21:48:16
{INFO}   com.bank.dao.dbutil.PostgresqlConnection     Attempting to connect to Postgres DB......    12-Jan-2021 Tuesday CST 21:48:19
{INFO}   com.bank.dao.dbutil.PostgresqlConnection     Successfully connected to DB! :)     12-Jan-2021 Tuesday CST 21:48:19
{INFO}   com.bank.main.BankServicesMain     Transaction [ID = 1, Amount = 300.0, From Account: 13 to Account: 12 at: 2020-02-02 ]    12-Jan-2021 Tuesday CST 21:48:19
{INFO}   com.bank.dao.dbutil.PostgresqlConnection     Attempting to connect to Postgres DB......    12-Jan-2021 Tuesday CST 21:51:59
{INFO}   com.bank.dao.dbutil.PostgresqlConnection     Successfully connected to DB! :)     12-Jan-2021 Tuesday CST 21:51:59
{INFO}   com.bank.dao.dbutil.PostgresqlConnection     Attempting to connect to Postgres DB......    12-Jan-2021 Tuesday CST 21:52:03
{INFO}   com.bank.dao.dbutil.PostgresqlConnection     Successfully connected to DB! :)     12-Jan-2021 Tuesday CST 21:52:03
{INFO}   com.bank.main.BankServicesMain     Transaction [ID = 1, Amount = 300.0, From Account: 13 to Account: 12 at: 2020-02-02 ]    12-Jan-2021 Tuesday CST 21:52:03
{INFO}   com.bank.dao.dbutil.PostgresqlConnection     Attempting to connect to Postgres DB......    12-Jan-2021 Tuesday CST 21:52:29
{INFO}   com.bank.dao.dbutil.PostgresqlConnection     Successfully connected to DB! :)     12-Jan-2021 Tuesday CST 21:52:29
{INFO}   com.bank.main.BankServicesMain     Transaction [ID = 1, Amount = 300.0, From Account: 13 to Account: 12 at: 2020-02-02 ]    12-Jan-2021 Tuesday CST 21:52:29
{INFO}   com.bank.dao.dbutil.PostgresqlConnection     Attempting to connect to Postgres DB......    12-Jan-2021 Tuesday CST 21:55:51
{INFO}   com.bank.dao.dbutil.PostgresqlConnection     Successfully connected to DB! :)     12-Jan-2021 Tuesday CST 21:55:51
{INFO}   com.bank.dao.dbutil.PostgresqlConnection     Attempting to connect to Postgres DB......    12-Jan-2021 Tuesday CST 21:55:53
{INFO}   com.bank.dao.dbutil.PostgresqlConnection     Successfully connected to DB! :)     12-Jan-2021 Tuesday CST 21:55:53
{INFO}   com.bank.main.BankServicesMain     Transaction [ID = 1, Amount = 300.0, From Account: 13 to Account: 12 at: 2020-02-02 ]    12-Jan-2021 Tuesday CST 21:55:53
{INFO}   com.bank.dao.dbutil.PostgresqlConnection     Attempting to connect to Postgres DB......    12-Jan-2021 Tuesday CST 21:57:05
{INFO}   com.bank.dao.dbutil.PostgresqlConnection     Successfully connected to DB! :)     12-Jan-2021 Tuesday CST 21:57:05
{INFO}   com.bank.dao.dbutil.PostgresqlConnection     Attempting to connect to Postgres DB......    12-Jan-2021 Tuesday CST 21:57:07
{INFO}   com.bank.dao.dbutil.PostgresqlConnection     Successfully connected to DB! :)     12-Jan-2021 Tuesday CST 21:57:07
{INFO}   com.bank.main.BankServicesMain     Transaction [ID = 1, Amount = 300.0, From Account: 13 to Account: 12 at: 2020-02-02 ]    12-Jan-2021 Tuesday CST 21:57:07
{INFO}   com.bank.dao.dbutil.PostgresqlConnection     Attempting to connect to Postgres DB......    12-Jan-2021 Tuesday CST 21:57:09
{INFO}   com.bank.dao.dbutil.PostgresqlConnection     Successfully connected to DB! :)     12-Jan-2021 Tuesday CST 21:57:09
{INFO}   com.bank.main.BankServicesMain     approving transaction....    12-Jan-2021 Tuesday CST 21:57:09
{INFO}   com.bank.main.BankServicesMain     getting your balance.....    12-Jan-2021 Tuesday CST 21:57:09
{INFO}   com.bank.dao.dbutil.PostgresqlConnection     Attempting to connect to Postgres DB......    12-Jan-2021 Tuesday CST 21:57:09
{INFO}   com.bank.dao.dbutil.PostgresqlConnection     Successfully connected to DB! :)     12-Jan-2021 Tuesday CST 21:57:09
{INFO}   com.bank.main.BankServicesMain     Your old balance: 300.0    12-Jan-2021 Tuesday CST 21:57:09
{INFO}   com.bank.main.BankServicesMain     Your new balance will be: 600.0    12-Jan-2021 Tuesday CST 21:57:09
{INFO}   com.bank.main.BankServicesMain     adding funds to account    12-Jan-2021 Tuesday CST 21:57:09
{INFO}   com.bank.dao.dbutil.PostgresqlConnection     Attempting to connect to Postgres DB......    12-Jan-2021 Tuesday CST 22:11:28
{INFO}   com.bank.dao.dbutil.PostgresqlConnection     Successfully connected to DB! :)     12-Jan-2021 Tuesday CST 22:11:28
{INFO}   com.bank.dao.dbutil.PostgresqlConnection     Attempting to connect to Postgres DB......    12-Jan-2021 Tuesday CST 22:12:24
{INFO}   com.bank.dao.dbutil.PostgresqlConnection     Successfully connected to DB! :)     12-Jan-2021 Tuesday CST 22:12:24
{INFO}   com.bank.dao.dbutil.PostgresqlConnection     Attempting to connect to Postgres DB......    12-Jan-2021 Tuesday CST 22:17:15
{INFO}   com.bank.dao.dbutil.PostgresqlConnection     Successfully connected to DB! :)     12-Jan-2021 Tuesday CST 22:17:15
{INFO}   com.bank.dao.dbutil.PostgresqlConnection     Attempting to connect to Postgres DB......    12-Jan-2021 Tuesday CST 22:17:26
{INFO}   com.bank.dao.dbutil.PostgresqlConnection     Successfully connected to DB! :)     12-Jan-2021 Tuesday CST 22:17:26
{INFO}   com.bank.dao.dbutil.PostgresqlConnection     Attempting to connect to Postgres DB......    12-Jan-2021 Tuesday CST 22:17:36
{INFO}   com.bank.dao.dbutil.PostgresqlConnection     Successfully connected to DB! :)     12-Jan-2021 Tuesday CST 22:17:36
{INFO}   com.bank.main.BankServicesMain     Your balance is: 1000.0    12-Jan-2021 Tuesday CST 22:17:36
{INFO}   com.bank.dao.dbutil.PostgresqlConnection     Attempting to connect to Postgres DB......    12-Jan-2021 Tuesday CST 22:18:16
{INFO}   com.bank.dao.dbutil.PostgresqlConnection     Successfully connected to DB! :)     12-Jan-2021 Tuesday CST 22:18:17
{WARN}   com.bank.main.BankServicesMain     Wrong username or password!    12-Jan-2021 Tuesday CST 22:18:17
{WARN}   com.bank.main.BankServicesMain     Invalid username or password!    12-Jan-2021 Tuesday CST 22:18:17
{INFO}   com.bank.dao.dbutil.PostgresqlConnection     Attempting to connect to Postgres DB......    12-Jan-2021 Tuesday CST 22:18:40
{INFO}   com.bank.dao.dbutil.PostgresqlConnection     Successfully connected to DB! :)     12-Jan-2021 Tuesday CST 22:18:41
{INFO}   com.bank.dao.dbutil.PostgresqlConnection     Attempting to connect to Postgres DB......    12-Jan-2021 Tuesday CST 22:18:46
{INFO}   com.bank.dao.dbutil.PostgresqlConnection     Successfully connected to DB! :)     12-Jan-2021 Tuesday CST 22:18:46
{INFO}   com.bank.dao.dbutil.PostgresqlConnection     Attempting to connect to Postgres DB......    12-Jan-2021 Tuesday CST 22:21:51
{INFO}   com.bank.dao.dbutil.PostgresqlConnection     Successfully connected to DB! :)     12-Jan-2021 Tuesday CST 22:21:51
{INFO}   com.bank.dao.dbutil.PostgresqlConnection     Attempting to connect to Postgres DB......    12-Jan-2021 Tuesday CST 22:25:39
{INFO}   com.bank.dao.dbutil.PostgresqlConnection     Successfully connected to DB! :)     12-Jan-2021 Tuesday CST 22:25:39
{INFO}   com.bank.dao.dbutil.PostgresqlConnection     Attempting to connect to Postgres DB......    12-Jan-2021 Tuesday CST 22:25:42
{INFO}   com.bank.dao.dbutil.PostgresqlConnection     Successfully connected to DB! :)     12-Jan-2021 Tuesday CST 22:25:42
{INFO}   com.bank.dao.dbutil.PostgresqlConnection     Attempting to connect to Postgres DB......    12-Jan-2021 Tuesday CST 22:28:53
{INFO}   com.bank.dao.dbutil.PostgresqlConnection     Successfully connected to DB! :)     12-Jan-2021 Tuesday CST 22:28:53
{INFO}   com.bank.dao.dbutil.PostgresqlConnection     Attempting to connect to Postgres DB......    12-Jan-2021 Tuesday CST 22:28:55
{INFO}   com.bank.dao.dbutil.PostgresqlConnection     Successfully connected to DB! :)     12-Jan-2021 Tuesday CST 22:28:55
{INFO}   com.bank.dao.dbutil.PostgresqlConnection     Attempting to connect to Postgres DB......    12-Jan-2021 Tuesday CST 22:30:09
{INFO}   com.bank.dao.dbutil.PostgresqlConnection     Successfully connected to DB! :)     12-Jan-2021 Tuesday CST 22:30:09
{WARN}   com.bank.main.BankServicesMain     Wrong username or password!    12-Jan-2021 Tuesday CST 22:30:09
{WARN}   com.bank.main.BankServicesMain     Invalid username or password!    12-Jan-2021 Tuesday CST 22:30:09
{INFO}   com.bank.dao.dbutil.PostgresqlConnection     Attempting to connect to Postgres DB......    12-Jan-2021 Tuesday CST 22:30:43
{INFO}   com.bank.dao.dbutil.PostgresqlConnection     Successfully connected to DB! :)     12-Jan-2021 Tuesday CST 22:30:43
{INFO}   com.bank.dao.dbutil.PostgresqlConnection     Attempting to connect to Postgres DB......    12-Jan-2021 Tuesday CST 22:30:47
{INFO}   com.bank.dao.dbutil.PostgresqlConnection     Successfully connected to DB! :)     12-Jan-2021 Tuesday CST 22:30:47
{INFO}   com.bank.main.BankServicesMain     Transaction [ID = 3, Amount = 500.0, From Account: 10 to Account: 16 at: 2020-11-22 ]    12-Jan-2021 Tuesday CST 22:30:47
{INFO}   com.bank.dao.dbutil.PostgresqlConnection     Attempting to connect to Postgres DB......    12-Jan-2021 Tuesday CST 22:30:56
{INFO}   com.bank.dao.dbutil.PostgresqlConnection     Successfully connected to DB! :)     12-Jan-2021 Tuesday CST 22:30:56
{INFO}   com.bank.main.BankServicesMain     approving transaction....    12-Jan-2021 Tuesday CST 22:30:56
{INFO}   com.bank.main.BankServicesMain     getting your balance.....    12-Jan-2021 Tuesday CST 22:30:56
{INFO}   com.bank.dao.dbutil.PostgresqlConnection     Attempting to connect to Postgres DB......    12-Jan-2021 Tuesday CST 22:30:56
{INFO}   com.bank.dao.dbutil.PostgresqlConnection     Successfully connected to DB! :)     12-Jan-2021 Tuesday CST 22:30:56
{INFO}   com.bank.main.BankServicesMain     Your old balance: 30.0    12-Jan-2021 Tuesday CST 22:30:56
{INFO}   com.bank.main.BankServicesMain     Your new balance will be: 530.0    12-Jan-2021 Tuesday CST 22:30:56
{INFO}   com.bank.main.BankServicesMain     adding funds to account    12-Jan-2021 Tuesday CST 22:30:56
{INFO}   com.bank.dao.dbutil.PostgresqlConnection     Attempting to connect to Postgres DB......    12-Jan-2021 Tuesday CST 22:54:41
{INFO}   com.bank.dao.dbutil.PostgresqlConnection     Successfully connected to DB! :)     12-Jan-2021 Tuesday CST 22:54:41
{INFO}   com.bank.dao.dbutil.PostgresqlConnection     Attempting to connect to Postgres DB......    12-Jan-2021 Tuesday CST 22:54:46
{INFO}   com.bank.dao.dbutil.PostgresqlConnection     Successfully connected to DB! :)     12-Jan-2021 Tuesday CST 22:54:46
{INFO}   com.bank.dao.dbutil.PostgresqlConnection     Attempting to connect to Postgres DB......    12-Jan-2021 Tuesday CST 22:55:21
{INFO}   com.bank.dao.dbutil.PostgresqlConnection     Successfully connected to DB! :)     12-Jan-2021 Tuesday CST 22:55:22
{INFO}   com.bank.main.BankServicesMain     Customer id: 16    12-Jan-2021 Tuesday CST 22:55:32
{INFO}   com.bank.main.BankServicesMain     Status: t    12-Jan-2021 Tuesday CST 22:55:32
{INFO}   com.bank.dao.dbutil.PostgresqlConnection     Attempting to connect to Postgres DB......    12-Jan-2021 Tuesday CST 22:55:32
{INFO}   com.bank.dao.dbutil.PostgresqlConnection     Successfully connected to DB! :)     12-Jan-2021 Tuesday CST 22:55:32
{INFO}   com.bank.dao.dbutil.PostgresqlConnection     Attempting to connect to Postgres DB......    12-Jan-2021 Tuesday CST 23:24:15
{INFO}   com.bank.dao.dbutil.PostgresqlConnection     Successfully connected to DB! :)     12-Jan-2021 Tuesday CST 23:24:15
{INFO}   com.bank.dao.dbutil.PostgresqlConnection     Attempting to connect to Postgres DB......    12-Jan-2021 Tuesday CST 23:25:09
{INFO}   com.bank.dao.dbutil.PostgresqlConnection     Successfully connected to DB! :)     12-Jan-2021 Tuesday CST 23:25:09
{INFO}   com.bank.dao.dbutil.PostgresqlConnection     Attempting to connect to Postgres DB......    12-Jan-2021 Tuesday CST 23:25:09
{INFO}   com.bank.dao.dbutil.PostgresqlConnection     Successfully connected to DB! :)     12-Jan-2021 Tuesday CST 23:25:09
{INFO}   com.bank.dao.dbutil.PostgresqlConnection     Attempting to connect to Postgres DB......    12-Jan-2021 Tuesday CST 23:26:30
{INFO}   com.bank.dao.dbutil.PostgresqlConnection     Successfully connected to DB! :)     12-Jan-2021 Tuesday CST 23:26:31
{INFO}   com.bank.dao.dbutil.PostgresqlConnection     Attempting to connect to Postgres DB......    12-Jan-2021 Tuesday CST 23:26:34
{INFO}   com.bank.dao.dbutil.PostgresqlConnection     Successfully connected to DB! :)     12-Jan-2021 Tuesday CST 23:26:34
{INFO}   com.bank.dao.dbutil.PostgresqlConnection     Attempting to connect to Postgres DB......    12-Jan-2021 Tuesday CST 23:28:10
{INFO}   com.bank.dao.dbutil.PostgresqlConnection     Successfully connected to DB! :)     12-Jan-2021 Tuesday CST 23:28:10
{INFO}   com.bank.dao.dbutil.PostgresqlConnection     Attempting to connect to Postgres DB......    12-Jan-2021 Tuesday CST 23:28:13
{INFO}   com.bank.dao.dbutil.PostgresqlConnection     Successfully connected to DB! :)     12-Jan-2021 Tuesday CST 23:28:13
{INFO}   com.bank.main.BankServicesMain     Transaction [ID = 10, Amount = 1300.0, From Account: 16 to Account: 15 at: 2021-01-12 ]    12-Jan-2021 Tuesday CST 23:28:13
{INFO}   com.bank.dao.dbutil.PostgresqlConnection     Attempting to connect to Postgres DB......    12-Jan-2021 Tuesday CST 23:28:18
{INFO}   com.bank.dao.dbutil.PostgresqlConnection     Successfully connected to DB! :)     12-Jan-2021 Tuesday CST 23:28:18
{INFO}   com.bank.main.BankServicesMain     approving transaction....    12-Jan-2021 Tuesday CST 23:28:18
{INFO}   com.bank.main.BankServicesMain     getting your balance.....    12-Jan-2021 Tuesday CST 23:28:18
{INFO}   com.bank.dao.dbutil.PostgresqlConnection     Attempting to connect to Postgres DB......    12-Jan-2021 Tuesday CST 23:28:18
{INFO}   com.bank.dao.dbutil.PostgresqlConnection     Successfully connected to DB! :)     12-Jan-2021 Tuesday CST 23:28:18
{INFO}   com.bank.main.BankServicesMain     Your old balance: 100.0    12-Jan-2021 Tuesday CST 23:28:18
{INFO}   com.bank.main.BankServicesMain     Your new balance will be: 1400.0    12-Jan-2021 Tuesday CST 23:28:18
{INFO}   com.bank.main.BankServicesMain     adding funds to account    12-Jan-2021 Tuesday CST 23:28:18
